{"C:\\Users\\Juan\\backend-gadgetdrop\\src\\app.js": {"path":"C:\\Users\\Juan\\backend-gadgetdrop\\src\\app.js","statementMap":{"0":{"start":{"line":2,"column":16},"end":{"line":2,"column":34}},"1":{"start":{"line":3,"column":13},"end":{"line":3,"column":28}},"2":{"start":{"line":4,"column":22},"end":{"line":4,"column":55}},"3":{"start":{"line":5,"column":19},"end":{"line":5,"column":49}},"4":{"start":{"line":6,"column":19},"end":{"line":6,"column":49}},"5":{"start":{"line":8,"column":12},"end":{"line":8,"column":21}},"6":{"start":{"line":10,"column":0},"end":{"line":10,"column":16}},"7":{"start":{"line":11,"column":0},"end":{"line":11,"column":24}},"8":{"start":{"line":12,"column":0},"end":{"line":12,"column":58}},"9":{"start":{"line":14,"column":0},"end":{"line":14,"column":33}},"10":{"start":{"line":15,"column":0},"end":{"line":15,"column":39}},"11":{"start":{"line":16,"column":0},"end":{"line":16,"column":33}},"12":{"start":{"line":17,"column":0},"end":{"line":17,"column":27}},"13":{"start":{"line":19,"column":0},"end":{"line":19,"column":21}}},"fnMap":{},"branchMap":{},"s":{"0":0,"1":0,"2":0,"3":0,"4":0,"5":0,"6":0,"7":0,"8":0,"9":0,"10":0,"11":0,"12":0,"13":0},"f":{},"b":{}}
,"C:\\Users\\Juan\\backend-gadgetdrop\\src\\controllers\\adminController.js": {"path":"C:\\Users\\Juan\\backend-gadgetdrop\\src\\controllers\\adminController.js","statementMap":{"0":{"start":{"line":1,"column":15},"end":{"line":1,"column":42}},"1":{"start":{"line":2,"column":22},"end":{"line":2,"column":56}},"2":{"start":{"line":3,"column":17},"end":{"line":3,"column":46}},"3":{"start":{"line":5,"column":31},"end":{"line":19,"column":1}},"4":{"start":{"line":6,"column":4},"end":{"line":18,"column":5}},"5":{"start":{"line":7,"column":24},"end":{"line":13,"column":10}},"6":{"start":{"line":14,"column":8},"end":{"line":14,"column":26}},"7":{"start":{"line":16,"column":8},"end":{"line":16,"column":70}},"8":{"start":{"line":17,"column":8},"end":{"line":17,"column":77}},"9":{"start":{"line":21,"column":0},"end":{"line":21,"column":44}}},"fnMap":{"0":{"name":"(anonymous_0)","decl":{"start":{"line":5,"column":31},"end":{"line":5,"column":32}},"loc":{"start":{"line":5,"column":51},"end":{"line":19,"column":1}},"line":5}},"branchMap":{},"s":{"0":0,"1":0,"2":0,"3":0,"4":0,"5":0,"6":0,"7":0,"8":0,"9":0},"f":{"0":0},"b":{}}
,"C:\\Users\\Juan\\backend-gadgetdrop\\src\\controllers\\authController.js": {"path":"C:\\Users\\Juan\\backend-gadgetdrop\\src\\controllers\\authController.js","statementMap":{"0":{"start":{"line":1,"column":15},"end":{"line":1,"column":34}},"1":{"start":{"line":2,"column":12},"end":{"line":2,"column":35}},"2":{"start":{"line":3,"column":16},"end":{"line":3,"column":44}},"3":{"start":{"line":6,"column":25},"end":{"line":39,"column":1}},"4":{"start":{"line":7,"column":4},"end":{"line":38,"column":5}},"5":{"start":{"line":8,"column":47},"end":{"line":8,"column":55}},"6":{"start":{"line":10,"column":8},"end":{"line":12,"column":9}},"7":{"start":{"line":11,"column":12},"end":{"line":11,"column":83}},"8":{"start":{"line":14,"column":23},"end":{"line":14,"column":67}},"9":{"start":{"line":15,"column":8},"end":{"line":17,"column":9}},"10":{"start":{"line":16,"column":12},"end":{"line":16,"column":85}},"11":{"start":{"line":19,"column":21},"end":{"line":19,"column":54}},"12":{"start":{"line":21,"column":29},"end":{"line":25,"column":10}},"13":{"start":{"line":27,"column":8},"end":{"line":34,"column":11}},"14":{"start":{"line":36,"column":8},"end":{"line":36,"column":29}},"15":{"start":{"line":37,"column":8},"end":{"line":37,"column":72}},"16":{"start":{"line":42,"column":21},"end":{"line":86,"column":1}},"17":{"start":{"line":43,"column":4},"end":{"line":85,"column":5}},"18":{"start":{"line":44,"column":39},"end":{"line":44,"column":47}},"19":{"start":{"line":46,"column":8},"end":{"line":48,"column":9}},"20":{"start":{"line":47,"column":12},"end":{"line":47,"column":83}},"21":{"start":{"line":50,"column":24},"end":{"line":50,"column":68}},"22":{"start":{"line":51,"column":8},"end":{"line":53,"column":9}},"23":{"start":{"line":52,"column":12},"end":{"line":52,"column":77}},"24":{"start":{"line":55,"column":25},"end":{"line":55,"column":77}},"25":{"start":{"line":56,"column":8},"end":{"line":58,"column":9}},"26":{"start":{"line":57,"column":12},"end":{"line":57,"column":78}},"27":{"start":{"line":61,"column":22},"end":{"line":70,"column":9}},"28":{"start":{"line":72,"column":8},"end":{"line":81,"column":11}},"29":{"start":{"line":83,"column":8},"end":{"line":83,"column":29}},"30":{"start":{"line":84,"column":8},"end":{"line":84,"column":69}},"31":{"start":{"line":88,"column":0},"end":{"line":92,"column":2}}},"fnMap":{"0":{"name":"(anonymous_0)","decl":{"start":{"line":6,"column":25},"end":{"line":6,"column":26}},"loc":{"start":{"line":6,"column":45},"end":{"line":39,"column":1}},"line":6},"1":{"name":"(anonymous_1)","decl":{"start":{"line":42,"column":21},"end":{"line":42,"column":22}},"loc":{"start":{"line":42,"column":41},"end":{"line":86,"column":1}},"line":42}},"branchMap":{"0":{"loc":{"start":{"line":10,"column":8},"end":{"line":12,"column":9}},"type":"if","locations":[{"start":{"line":10,"column":8},"end":{"line":12,"column":9}},{"start":{},"end":{}}],"line":10},"1":{"loc":{"start":{"line":10,"column":12},"end":{"line":10,"column":45}},"type":"binary-expr","locations":[{"start":{"line":10,"column":12},"end":{"line":10,"column":19}},{"start":{"line":10,"column":23},"end":{"line":10,"column":30}},{"start":{"line":10,"column":34},"end":{"line":10,"column":45}}],"line":10},"2":{"loc":{"start":{"line":15,"column":8},"end":{"line":17,"column":9}},"type":"if","locations":[{"start":{"line":15,"column":8},"end":{"line":17,"column":9}},{"start":{},"end":{}}],"line":15},"3":{"loc":{"start":{"line":46,"column":8},"end":{"line":48,"column":9}},"type":"if","locations":[{"start":{"line":46,"column":8},"end":{"line":48,"column":9}},{"start":{},"end":{}}],"line":46},"4":{"loc":{"start":{"line":46,"column":12},"end":{"line":46,"column":34}},"type":"binary-expr","locations":[{"start":{"line":46,"column":12},"end":{"line":46,"column":19}},{"start":{"line":46,"column":23},"end":{"line":46,"column":34}}],"line":46},"5":{"loc":{"start":{"line":51,"column":8},"end":{"line":53,"column":9}},"type":"if","locations":[{"start":{"line":51,"column":8},"end":{"line":53,"column":9}},{"start":{},"end":{}}],"line":51},"6":{"loc":{"start":{"line":56,"column":8},"end":{"line":58,"column":9}},"type":"if","locations":[{"start":{"line":56,"column":8},"end":{"line":58,"column":9}},{"start":{},"end":{}}],"line":56},"7":{"loc":{"start":{"line":68,"column":12},"end":{"line":68,"column":47}},"type":"binary-expr","locations":[{"start":{"line":68,"column":12},"end":{"line":68,"column":34}},{"start":{"line":68,"column":38},"end":{"line":68,"column":47}}],"line":68}},"s":{"0":0,"1":0,"2":0,"3":0,"4":0,"5":0,"6":0,"7":0,"8":0,"9":0,"10":0,"11":0,"12":0,"13":0,"14":0,"15":0,"16":0,"17":0,"18":0,"19":0,"20":0,"21":0,"22":0,"23":0,"24":0,"25":0,"26":0,"27":0,"28":0,"29":0,"30":0,"31":0},"f":{"0":0,"1":0},"b":{"0":[0,0],"1":[0,0,0],"2":[0,0],"3":[0,0],"4":[0,0],"5":[0,0],"6":[0,0],"7":[0,0]}}
,"C:\\Users\\Juan\\backend-gadgetdrop\\src\\controllers\\carritoController.js": {"path":"C:\\Users\\Juan\\backend-gadgetdrop\\src\\controllers\\carritoController.js","statementMap":{"0":{"start":{"line":1,"column":16},"end":{"line":1,"column":44}},"1":{"start":{"line":2,"column":17},"end":{"line":2,"column":46}},"2":{"start":{"line":5,"column":25},"end":{"line":24,"column":1}},"3":{"start":{"line":6,"column":48},"end":{"line":6,"column":56}},"4":{"start":{"line":7,"column":4},"end":{"line":23,"column":5}},"5":{"start":{"line":8,"column":30},"end":{"line":10,"column":10}},"6":{"start":{"line":12,"column":8},"end":{"line":16,"column":9}},"7":{"start":{"line":13,"column":12},"end":{"line":13,"column":47}},"8":{"start":{"line":14,"column":12},"end":{"line":14,"column":39}},"9":{"start":{"line":15,"column":12},"end":{"line":15,"column":89}},"10":{"start":{"line":18,"column":26},"end":{"line":18,"column":83}},"11":{"start":{"line":19,"column":8},"end":{"line":19,"column":94}},"12":{"start":{"line":21,"column":8},"end":{"line":21,"column":64}},"13":{"start":{"line":22,"column":8},"end":{"line":22,"column":71}},"14":{"start":{"line":27,"column":23},"end":{"line":38,"column":1}},"15":{"start":{"line":28,"column":26},"end":{"line":28,"column":36}},"16":{"start":{"line":29,"column":4},"end":{"line":37,"column":5}},"17":{"start":{"line":30,"column":22},"end":{"line":33,"column":10}},"18":{"start":{"line":34,"column":8},"end":{"line":34,"column":24}},"19":{"start":{"line":36,"column":8},"end":{"line":36,"column":71}},"20":{"start":{"line":41,"column":27},"end":{"line":49,"column":1}},"21":{"start":{"line":42,"column":19},"end":{"line":42,"column":29}},"22":{"start":{"line":43,"column":4},"end":{"line":48,"column":5}},"23":{"start":{"line":44,"column":8},"end":{"line":44,"column":49}},"24":{"start":{"line":45,"column":8},"end":{"line":45,"column":64}},"25":{"start":{"line":47,"column":8},"end":{"line":47,"column":73}},"26":{"start":{"line":51,"column":27},"end":{"line":73,"column":1}},"27":{"start":{"line":52,"column":19},"end":{"line":52,"column":29}},"28":{"start":{"line":53,"column":25},"end":{"line":53,"column":33}},"29":{"start":{"line":55,"column":4},"end":{"line":72,"column":5}},"30":{"start":{"line":56,"column":21},"end":{"line":56,"column":47}},"31":{"start":{"line":57,"column":8},"end":{"line":59,"column":9}},"32":{"start":{"line":58,"column":12},"end":{"line":58,"column":75}},"33":{"start":{"line":61,"column":8},"end":{"line":63,"column":9}},"34":{"start":{"line":62,"column":12},"end":{"line":62,"column":88}},"35":{"start":{"line":65,"column":8},"end":{"line":65,"column":33}},"36":{"start":{"line":66,"column":8},"end":{"line":66,"column":26}},"37":{"start":{"line":68,"column":8},"end":{"line":68,"column":60}},"38":{"start":{"line":70,"column":8},"end":{"line":70,"column":64}},"39":{"start":{"line":71,"column":8},"end":{"line":71,"column":74}},"40":{"start":{"line":75,"column":0},"end":{"line":80,"column":2}}},"fnMap":{"0":{"name":"(anonymous_0)","decl":{"start":{"line":5,"column":25},"end":{"line":5,"column":26}},"loc":{"start":{"line":5,"column":45},"end":{"line":24,"column":1}},"line":5},"1":{"name":"(anonymous_1)","decl":{"start":{"line":27,"column":23},"end":{"line":27,"column":24}},"loc":{"start":{"line":27,"column":43},"end":{"line":38,"column":1}},"line":27},"2":{"name":"(anonymous_2)","decl":{"start":{"line":41,"column":27},"end":{"line":41,"column":28}},"loc":{"start":{"line":41,"column":47},"end":{"line":49,"column":1}},"line":41},"3":{"name":"(anonymous_3)","decl":{"start":{"line":51,"column":27},"end":{"line":51,"column":28}},"loc":{"start":{"line":51,"column":47},"end":{"line":73,"column":1}},"line":51}},"branchMap":{"0":{"loc":{"start":{"line":12,"column":8},"end":{"line":16,"column":9}},"type":"if","locations":[{"start":{"line":12,"column":8},"end":{"line":16,"column":9}},{"start":{},"end":{}}],"line":12},"1":{"loc":{"start":{"line":57,"column":8},"end":{"line":59,"column":9}},"type":"if","locations":[{"start":{"line":57,"column":8},"end":{"line":59,"column":9}},{"start":{},"end":{}}],"line":57},"2":{"loc":{"start":{"line":61,"column":8},"end":{"line":63,"column":9}},"type":"if","locations":[{"start":{"line":61,"column":8},"end":{"line":63,"column":9}},{"start":{},"end":{}}],"line":61}},"s":{"0":0,"1":0,"2":0,"3":0,"4":0,"5":0,"6":0,"7":0,"8":0,"9":0,"10":0,"11":0,"12":0,"13":0,"14":0,"15":0,"16":0,"17":0,"18":0,"19":0,"20":0,"21":0,"22":0,"23":0,"24":0,"25":0,"26":0,"27":0,"28":0,"29":0,"30":0,"31":0,"32":0,"33":0,"34":0,"35":0,"36":0,"37":0,"38":0,"39":0,"40":0},"f":{"0":0,"1":0,"2":0,"3":0},"b":{"0":[0,0],"1":[0,0],"2":[0,0]}}
,"C:\\Users\\Juan\\backend-gadgetdrop\\src\\controllers\\pagoController.js": {"path":"C:\\Users\\Juan\\backend-gadgetdrop\\src\\controllers\\pagoController.js","statementMap":{"0":{"start":{"line":1,"column":15},"end":{"line":1,"column":32}},"1":{"start":{"line":2,"column":15},"end":{"line":2,"column":56}},"2":{"start":{"line":4,"column":24},"end":{"line":39,"column":1}},"3":{"start":{"line":5,"column":35},"end":{"line":5,"column":43}},"4":{"start":{"line":7,"column":4},"end":{"line":38,"column":5}},"5":{"start":{"line":8,"column":27},"end":{"line":22,"column":11}},"6":{"start":{"line":8,"column":48},"end":{"line":22,"column":9}},"7":{"start":{"line":24,"column":24},"end":{"line":31,"column":10}},"8":{"start":{"line":33,"column":8},"end":{"line":33,"column":39}},"9":{"start":{"line":36,"column":8},"end":{"line":36,"column":50}},"10":{"start":{"line":37,"column":8},"end":{"line":37,"column":70}},"11":{"start":{"line":41,"column":0},"end":{"line":41,"column":37}}},"fnMap":{"0":{"name":"(anonymous_0)","decl":{"start":{"line":4,"column":24},"end":{"line":4,"column":25}},"loc":{"start":{"line":4,"column":44},"end":{"line":39,"column":1}},"line":4},"1":{"name":"(anonymous_1)","decl":{"start":{"line":8,"column":39},"end":{"line":8,"column":40}},"loc":{"start":{"line":8,"column":48},"end":{"line":22,"column":9}},"line":8}},"branchMap":{"0":{"loc":{"start":{"line":14,"column":24},"end":{"line":16,"column":63}},"type":"cond-expr","locations":[{"start":{"line":15,"column":30},"end":{"line":15,"column":50}},{"start":{"line":16,"column":30},"end":{"line":16,"column":63}}],"line":14}},"s":{"0":0,"1":0,"2":0,"3":0,"4":0,"5":0,"6":0,"7":0,"8":0,"9":0,"10":0,"11":0},"f":{"0":0,"1":0},"b":{"0":[0,0]}}
,"C:\\Users\\Juan\\backend-gadgetdrop\\src\\controllers\\pedidoController.js": {"path":"C:\\Users\\Juan\\backend-gadgetdrop\\src\\controllers\\pedidoController.js","statementMap":{"0":{"start":{"line":1,"column":15},"end":{"line":1,"column":42}},"1":{"start":{"line":2,"column":22},"end":{"line":2,"column":56}},"2":{"start":{"line":3,"column":16},"end":{"line":3,"column":44}},"3":{"start":{"line":4,"column":17},"end":{"line":4,"column":46}},"4":{"start":{"line":7,"column":20},"end":{"line":46,"column":1}},"5":{"start":{"line":8,"column":26},"end":{"line":8,"column":34}},"6":{"start":{"line":10,"column":4},"end":{"line":45,"column":5}},"7":{"start":{"line":11,"column":24},"end":{"line":14,"column":10}},"8":{"start":{"line":16,"column":8},"end":{"line":18,"column":9}},"9":{"start":{"line":17,"column":12},"end":{"line":17,"column":76}},"10":{"start":{"line":20,"column":22},"end":{"line":22,"column":13}},"11":{"start":{"line":21,"column":12},"end":{"line":21,"column":74}},"12":{"start":{"line":24,"column":28},"end":{"line":28,"column":10}},"13":{"start":{"line":30,"column":8},"end":{"line":37,"column":9}},"14":{"start":{"line":31,"column":12},"end":{"line":36,"column":15}},"15":{"start":{"line":39,"column":8},"end":{"line":39,"column":56}},"16":{"start":{"line":41,"column":8},"end":{"line":41,"column":83}},"17":{"start":{"line":43,"column":8},"end":{"line":43,"column":57}},"18":{"start":{"line":44,"column":8},"end":{"line":44,"column":68}},"19":{"start":{"line":49,"column":31},"end":{"line":79,"column":1}},"20":{"start":{"line":50,"column":35},"end":{"line":50,"column":43}},"21":{"start":{"line":52,"column":4},"end":{"line":78,"column":5}},"22":{"start":{"line":53,"column":22},"end":{"line":55,"column":13}},"23":{"start":{"line":54,"column":12},"end":{"line":54,"column":74}},"24":{"start":{"line":57,"column":28},"end":{"line":61,"column":10}},"25":{"start":{"line":63,"column":8},"end":{"line":70,"column":9}},"26":{"start":{"line":64,"column":12},"end":{"line":69,"column":15}},"27":{"start":{"line":72,"column":8},"end":{"line":72,"column":56}},"28":{"start":{"line":74,"column":8},"end":{"line":74,"column":90}},"29":{"start":{"line":76,"column":8},"end":{"line":76,"column":67}},"30":{"start":{"line":77,"column":8},"end":{"line":77,"column":72}},"31":{"start":{"line":82,"column":33},"end":{"line":100,"column":1}},"32":{"start":{"line":83,"column":4},"end":{"line":99,"column":5}},"33":{"start":{"line":84,"column":30},"end":{"line":84,"column":40}},"34":{"start":{"line":86,"column":24},"end":{"line":93,"column":10}},"35":{"start":{"line":95,"column":8},"end":{"line":95,"column":26}},"36":{"start":{"line":97,"column":8},"end":{"line":97,"column":61}},"37":{"start":{"line":98,"column":8},"end":{"line":98,"column":69}},"38":{"start":{"line":103,"column":31},"end":{"line":122,"column":1}},"39":{"start":{"line":104,"column":4},"end":{"line":120,"column":5}},"40":{"start":{"line":105,"column":23},"end":{"line":105,"column":33}},"41":{"start":{"line":106,"column":27},"end":{"line":106,"column":35}},"42":{"start":{"line":108,"column":23},"end":{"line":108,"column":48}},"43":{"start":{"line":109,"column":8},"end":{"line":111,"column":9}},"44":{"start":{"line":110,"column":12},"end":{"line":110,"column":77}},"45":{"start":{"line":113,"column":8},"end":{"line":113,"column":31}},"46":{"start":{"line":114,"column":8},"end":{"line":114,"column":28}},"47":{"start":{"line":116,"column":8},"end":{"line":116,"column":85}},"48":{"start":{"line":118,"column":8},"end":{"line":118,"column":65}},"49":{"start":{"line":119,"column":8},"end":{"line":119,"column":82}},"50":{"start":{"line":124,"column":0},"end":{"line":129,"column":2}}},"fnMap":{"0":{"name":"(anonymous_0)","decl":{"start":{"line":7,"column":20},"end":{"line":7,"column":21}},"loc":{"start":{"line":7,"column":40},"end":{"line":46,"column":1}},"line":7},"1":{"name":"(anonymous_1)","decl":{"start":{"line":20,"column":37},"end":{"line":20,"column":38}},"loc":{"start":{"line":20,"column":52},"end":{"line":22,"column":9}},"line":20},"2":{"name":"(anonymous_2)","decl":{"start":{"line":49,"column":31},"end":{"line":49,"column":32}},"loc":{"start":{"line":49,"column":51},"end":{"line":79,"column":1}},"line":49},"3":{"name":"(anonymous_3)","decl":{"start":{"line":53,"column":37},"end":{"line":53,"column":38}},"loc":{"start":{"line":53,"column":52},"end":{"line":55,"column":9}},"line":53},"4":{"name":"(anonymous_4)","decl":{"start":{"line":82,"column":33},"end":{"line":82,"column":34}},"loc":{"start":{"line":82,"column":53},"end":{"line":100,"column":1}},"line":82},"5":{"name":"(anonymous_5)","decl":{"start":{"line":103,"column":31},"end":{"line":103,"column":32}},"loc":{"start":{"line":103,"column":51},"end":{"line":122,"column":1}},"line":103}},"branchMap":{"0":{"loc":{"start":{"line":16,"column":8},"end":{"line":18,"column":9}},"type":"if","locations":[{"start":{"line":16,"column":8},"end":{"line":18,"column":9}},{"start":{},"end":{}}],"line":16},"1":{"loc":{"start":{"line":16,"column":12},"end":{"line":16,"column":44}},"type":"binary-expr","locations":[{"start":{"line":16,"column":12},"end":{"line":16,"column":20}},{"start":{"line":16,"column":24},"end":{"line":16,"column":44}}],"line":16},"2":{"loc":{"start":{"line":109,"column":8},"end":{"line":111,"column":9}},"type":"if","locations":[{"start":{"line":109,"column":8},"end":{"line":111,"column":9}},{"start":{},"end":{}}],"line":109},"3":{"loc":{"start":{"line":119,"column":38},"end":{"line":119,"column":78}},"type":"binary-expr","locations":[{"start":{"line":119,"column":38},"end":{"line":119,"column":49}},{"start":{"line":119,"column":53},"end":{"line":119,"column":78}}],"line":119}},"s":{"0":0,"1":0,"2":0,"3":0,"4":0,"5":0,"6":0,"7":0,"8":0,"9":0,"10":0,"11":0,"12":0,"13":0,"14":0,"15":0,"16":0,"17":0,"18":0,"19":0,"20":0,"21":0,"22":0,"23":0,"24":0,"25":0,"26":0,"27":0,"28":0,"29":0,"30":0,"31":0,"32":0,"33":0,"34":0,"35":0,"36":0,"37":0,"38":0,"39":0,"40":0,"41":0,"42":0,"43":0,"44":0,"45":0,"46":0,"47":0,"48":0,"49":0,"50":0},"f":{"0":0,"1":0,"2":0,"3":0,"4":0,"5":0},"b":{"0":[0,0],"1":[0,0],"2":[0,0],"3":[0,0]}}
,"C:\\Users\\Juan\\backend-gadgetdrop\\src\\controllers\\productoController.js": {"path":"C:\\Users\\Juan\\backend-gadgetdrop\\src\\controllers\\productoController.js","statementMap":{"0":{"start":{"line":1,"column":17},"end":{"line":1,"column":46}},"1":{"start":{"line":4,"column":22},"end":{"line":12,"column":1}},"2":{"start":{"line":5,"column":4},"end":{"line":11,"column":5}},"3":{"start":{"line":6,"column":25},"end":{"line":6,"column":56}},"4":{"start":{"line":7,"column":8},"end":{"line":7,"column":71}},"5":{"start":{"line":9,"column":8},"end":{"line":9,"column":59}},"6":{"start":{"line":10,"column":8},"end":{"line":10,"column":70}},"7":{"start":{"line":15,"column":25},"end":{"line":23,"column":1}},"8":{"start":{"line":16,"column":4},"end":{"line":22,"column":5}},"9":{"start":{"line":17,"column":26},"end":{"line":17,"column":50}},"10":{"start":{"line":18,"column":8},"end":{"line":18,"column":28}},"11":{"start":{"line":20,"column":8},"end":{"line":20,"column":62}},"12":{"start":{"line":21,"column":8},"end":{"line":21,"column":70}},"13":{"start":{"line":26,"column":27},"end":{"line":40,"column":1}},"14":{"start":{"line":27,"column":4},"end":{"line":39,"column":5}},"15":{"start":{"line":28,"column":23},"end":{"line":28,"column":33}},"16":{"start":{"line":29,"column":25},"end":{"line":29,"column":52}},"17":{"start":{"line":30,"column":8},"end":{"line":32,"column":9}},"18":{"start":{"line":31,"column":12},"end":{"line":31,"column":77}},"19":{"start":{"line":34,"column":8},"end":{"line":34,"column":40}},"20":{"start":{"line":35,"column":8},"end":{"line":35,"column":64}},"21":{"start":{"line":37,"column":8},"end":{"line":37,"column":64}},"22":{"start":{"line":38,"column":8},"end":{"line":38,"column":75}},"23":{"start":{"line":43,"column":25},"end":{"line":57,"column":1}},"24":{"start":{"line":44,"column":4},"end":{"line":56,"column":5}},"25":{"start":{"line":45,"column":23},"end":{"line":45,"column":33}},"26":{"start":{"line":46,"column":25},"end":{"line":46,"column":52}},"27":{"start":{"line":47,"column":8},"end":{"line":49,"column":9}},"28":{"start":{"line":48,"column":12},"end":{"line":48,"column":77}},"29":{"start":{"line":51,"column":8},"end":{"line":51,"column":33}},"30":{"start":{"line":52,"column":8},"end":{"line":52,"column":52}},"31":{"start":{"line":54,"column":8},"end":{"line":54,"column":62}},"32":{"start":{"line":55,"column":8},"end":{"line":55,"column":73}},"33":{"start":{"line":59,"column":0},"end":{"line":64,"column":2}}},"fnMap":{"0":{"name":"(anonymous_0)","decl":{"start":{"line":4,"column":22},"end":{"line":4,"column":23}},"loc":{"start":{"line":4,"column":42},"end":{"line":12,"column":1}},"line":4},"1":{"name":"(anonymous_1)","decl":{"start":{"line":15,"column":25},"end":{"line":15,"column":26}},"loc":{"start":{"line":15,"column":45},"end":{"line":23,"column":1}},"line":15},"2":{"name":"(anonymous_2)","decl":{"start":{"line":26,"column":27},"end":{"line":26,"column":28}},"loc":{"start":{"line":26,"column":47},"end":{"line":40,"column":1}},"line":26},"3":{"name":"(anonymous_3)","decl":{"start":{"line":43,"column":25},"end":{"line":43,"column":26}},"loc":{"start":{"line":43,"column":45},"end":{"line":57,"column":1}},"line":43}},"branchMap":{"0":{"loc":{"start":{"line":30,"column":8},"end":{"line":32,"column":9}},"type":"if","locations":[{"start":{"line":30,"column":8},"end":{"line":32,"column":9}},{"start":{},"end":{}}],"line":30},"1":{"loc":{"start":{"line":47,"column":8},"end":{"line":49,"column":9}},"type":"if","locations":[{"start":{"line":47,"column":8},"end":{"line":49,"column":9}},{"start":{},"end":{}}],"line":47}},"s":{"0":0,"1":0,"2":0,"3":0,"4":0,"5":0,"6":0,"7":0,"8":0,"9":0,"10":0,"11":0,"12":0,"13":0,"14":0,"15":0,"16":0,"17":0,"18":0,"19":0,"20":0,"21":0,"22":0,"23":0,"24":0,"25":0,"26":0,"27":0,"28":0,"29":0,"30":0,"31":0,"32":0,"33":0},"f":{"0":0,"1":0,"2":0,"3":0},"b":{"0":[0,0],"1":[0,0]}}
,"C:\\Users\\Juan\\backend-gadgetdrop\\src\\middlewares\\authMiddleware.js": {"path":"C:\\Users\\Juan\\backend-gadgetdrop\\src\\middlewares\\authMiddleware.js","statementMap":{"0":{"start":{"line":2,"column":12},"end":{"line":2,"column":35}},"1":{"start":{"line":4,"column":23},"end":{"line":23,"column":1}},"2":{"start":{"line":5,"column":23},"end":{"line":5,"column":83}},"3":{"start":{"line":7,"column":4},"end":{"line":9,"column":5}},"4":{"start":{"line":8,"column":8},"end":{"line":8,"column":88}},"5":{"start":{"line":11,"column":18},"end":{"line":11,"column":42}},"6":{"start":{"line":13,"column":4},"end":{"line":22,"column":5}},"7":{"start":{"line":14,"column":24},"end":{"line":14,"column":78}},"8":{"start":{"line":15,"column":8},"end":{"line":15,"column":30}},"9":{"start":{"line":17,"column":8},"end":{"line":17,"column":61}},"10":{"start":{"line":19,"column":8},"end":{"line":19,"column":15}},"11":{"start":{"line":21,"column":8},"end":{"line":21,"column":78}},"12":{"start":{"line":25,"column":0},"end":{"line":25,"column":32}}},"fnMap":{"0":{"name":"(anonymous_0)","decl":{"start":{"line":4,"column":23},"end":{"line":4,"column":24}},"loc":{"start":{"line":4,"column":43},"end":{"line":23,"column":1}},"line":4}},"branchMap":{"0":{"loc":{"start":{"line":5,"column":23},"end":{"line":5,"column":83}},"type":"binary-expr","locations":[{"start":{"line":5,"column":23},"end":{"line":5,"column":51}},{"start":{"line":5,"column":55},"end":{"line":5,"column":83}}],"line":5},"1":{"loc":{"start":{"line":7,"column":4},"end":{"line":9,"column":5}},"type":"if","locations":[{"start":{"line":7,"column":4},"end":{"line":9,"column":5}},{"start":{},"end":{}}],"line":7},"2":{"loc":{"start":{"line":7,"column":8},"end":{"line":7,"column":56}},"type":"binary-expr","locations":[{"start":{"line":7,"column":8},"end":{"line":7,"column":19}},{"start":{"line":7,"column":23},"end":{"line":7,"column":56}}],"line":7},"3":{"loc":{"start":{"line":14,"column":42},"end":{"line":14,"column":77}},"type":"binary-expr","locations":[{"start":{"line":14,"column":42},"end":{"line":14,"column":64}},{"start":{"line":14,"column":68},"end":{"line":14,"column":77}}],"line":14}},"s":{"0":0,"1":0,"2":0,"3":0,"4":0,"5":0,"6":0,"7":0,"8":0,"9":0,"10":0,"11":0,"12":0},"f":{"0":0},"b":{"0":[0,0],"1":[0,0],"2":[0,0],"3":[0,0]}}
,"C:\\Users\\Juan\\backend-gadgetdrop\\src\\middlewares\\verificarAdmin.js": {"path":"C:\\Users\\Juan\\backend-gadgetdrop\\src\\middlewares\\verificarAdmin.js","statementMap":{"0":{"start":{"line":2,"column":0},"end":{"line":11,"column":2}},"1":{"start":{"line":4,"column":4},"end":{"line":4,"column":56}},"2":{"start":{"line":6,"column":4},"end":{"line":8,"column":5}},"3":{"start":{"line":7,"column":8},"end":{"line":7,"column":22}},"4":{"start":{"line":10,"column":4},"end":{"line":10,"column":87}}},"fnMap":{"0":{"name":"verificarAdmin","decl":{"start":{"line":2,"column":26},"end":{"line":2,"column":40}},"loc":{"start":{"line":2,"column":57},"end":{"line":11,"column":1}},"line":2}},"branchMap":{"0":{"loc":{"start":{"line":6,"column":4},"end":{"line":8,"column":5}},"type":"if","locations":[{"start":{"line":6,"column":4},"end":{"line":8,"column":5}},{"start":{},"end":{}}],"line":6},"1":{"loc":{"start":{"line":6,"column":8},"end":{"line":6,"column":50}},"type":"binary-expr","locations":[{"start":{"line":6,"column":8},"end":{"line":6,"column":19}},{"start":{"line":6,"column":23},"end":{"line":6,"column":50}}],"line":6}},"s":{"0":0,"1":0,"2":0,"3":0,"4":0},"f":{"0":0},"b":{"0":[0,0],"1":[0,0]}}
,"C:\\Users\\Juan\\backend-gadgetdrop\\src\\middlewares\\verificarToken.js": {"path":"C:\\Users\\Juan\\backend-gadgetdrop\\src\\middlewares\\verificarToken.js","statementMap":{"0":{"start":{"line":1,"column":12},"end":{"line":1,"column":35}},"1":{"start":{"line":3,"column":23},"end":{"line":17,"column":1}},"2":{"start":{"line":4,"column":18},"end":{"line":4,"column":69}},"3":{"start":{"line":6,"column":4},"end":{"line":8,"column":5}},"4":{"start":{"line":7,"column":8},"end":{"line":7,"column":73}},"5":{"start":{"line":10,"column":4},"end":{"line":16,"column":5}},"6":{"start":{"line":11,"column":24},"end":{"line":11,"column":78}},"7":{"start":{"line":12,"column":8},"end":{"line":12,"column":30}},"8":{"start":{"line":13,"column":8},"end":{"line":13,"column":15}},"9":{"start":{"line":15,"column":8},"end":{"line":15,"column":76}},"10":{"start":{"line":19,"column":0},"end":{"line":19,"column":32}}},"fnMap":{"0":{"name":"(anonymous_0)","decl":{"start":{"line":3,"column":23},"end":{"line":3,"column":24}},"loc":{"start":{"line":3,"column":43},"end":{"line":17,"column":1}},"line":3}},"branchMap":{"0":{"loc":{"start":{"line":6,"column":4},"end":{"line":8,"column":5}},"type":"if","locations":[{"start":{"line":6,"column":4},"end":{"line":8,"column":5}},{"start":{},"end":{}}],"line":6},"1":{"loc":{"start":{"line":11,"column":42},"end":{"line":11,"column":77}},"type":"binary-expr","locations":[{"start":{"line":11,"column":42},"end":{"line":11,"column":64}},{"start":{"line":11,"column":68},"end":{"line":11,"column":77}}],"line":11}},"s":{"0":0,"1":0,"2":0,"3":0,"4":0,"5":0,"6":0,"7":0,"8":0,"9":0,"10":0},"f":{"0":0},"b":{"0":[0,0],"1":[0,0]}}
,"C:\\Users\\Juan\\backend-gadgetdrop\\src\\routes\\adminRoutes.js": {"path":"C:\\Users\\Juan\\backend-gadgetdrop\\src\\routes\\adminRoutes.js","statementMap":{"0":{"start":{"line":1,"column":16},"end":{"line":1,"column":34}},"1":{"start":{"line":2,"column":15},"end":{"line":2,"column":31}},"2":{"start":{"line":7,"column":23},"end":{"line":7,"column":63}},"3":{"start":{"line":10,"column":23},"end":{"line":10,"column":63}},"4":{"start":{"line":13,"column":35},"end":{"line":13,"column":76}},"5":{"start":{"line":16,"column":0},"end":{"line":16,"column":79}},"6":{"start":{"line":19,"column":0},"end":{"line":24,"column":3}},"7":{"start":{"line":20,"column":4},"end":{"line":23,"column":7}},"8":{"start":{"line":26,"column":0},"end":{"line":26,"column":24}}},"fnMap":{"0":{"name":"(anonymous_0)","decl":{"start":{"line":19,"column":53},"end":{"line":19,"column":54}},"loc":{"start":{"line":19,"column":67},"end":{"line":24,"column":1}},"line":19}},"branchMap":{},"s":{"0":0,"1":0,"2":0,"3":0,"4":0,"5":0,"6":0,"7":0,"8":0},"f":{"0":0},"b":{}}
,"C:\\Users\\Juan\\backend-gadgetdrop\\src\\routes\\authRoutes.js": {"path":"C:\\Users\\Juan\\backend-gadgetdrop\\src\\routes\\authRoutes.js","statementMap":{"0":{"start":{"line":1,"column":16},"end":{"line":1,"column":34}},"1":{"start":{"line":2,"column":15},"end":{"line":2,"column":31}},"2":{"start":{"line":3,"column":43},"end":{"line":3,"column":83}},"3":{"start":{"line":5,"column":0},"end":{"line":5,"column":43}},"4":{"start":{"line":6,"column":0},"end":{"line":6,"column":36}},"5":{"start":{"line":7,"column":0},"end":{"line":7,"column":43}},"6":{"start":{"line":8,"column":0},"end":{"line":8,"column":24}}},"fnMap":{},"branchMap":{},"s":{"0":0,"1":0,"2":0,"3":0,"4":0,"5":0,"6":0},"f":{},"b":{}}
,"C:\\Users\\Juan\\backend-gadgetdrop\\src\\routes\\carritoRoutes.js": {"path":"C:\\Users\\Juan\\backend-gadgetdrop\\src\\routes\\carritoRoutes.js","statementMap":{"0":{"start":{"line":1,"column":16},"end":{"line":1,"column":34}},"1":{"start":{"line":2,"column":15},"end":{"line":2,"column":31}},"2":{"start":{"line":8,"column":4},"end":{"line":8,"column":47}},"3":{"start":{"line":10,"column":0},"end":{"line":10,"column":35}},"4":{"start":{"line":11,"column":0},"end":{"line":11,"column":42}},"5":{"start":{"line":12,"column":0},"end":{"line":12,"column":42}},"6":{"start":{"line":13,"column":0},"end":{"line":13,"column":39}},"7":{"start":{"line":15,"column":0},"end":{"line":15,"column":24}}},"fnMap":{},"branchMap":{},"s":{"0":0,"1":0,"2":0,"3":0,"4":0,"5":0,"6":0,"7":0},"f":{},"b":{}}
,"C:\\Users\\Juan\\backend-gadgetdrop\\src\\routes\\pagoRoutes.js": {"path":"C:\\Users\\Juan\\backend-gadgetdrop\\src\\routes\\pagoRoutes.js","statementMap":{"0":{"start":{"line":1,"column":16},"end":{"line":1,"column":34}},"1":{"start":{"line":2,"column":15},"end":{"line":2,"column":31}},"2":{"start":{"line":3,"column":28},"end":{"line":3,"column":68}},"3":{"start":{"line":5,"column":0},"end":{"line":5,"column":40}},"4":{"start":{"line":7,"column":0},"end":{"line":7,"column":24}}},"fnMap":{},"branchMap":{},"s":{"0":0,"1":0,"2":0,"3":0,"4":0},"f":{},"b":{}}
,"C:\\Users\\Juan\\backend-gadgetdrop\\src\\routes\\pedidoRoutes.js": {"path":"C:\\Users\\Juan\\backend-gadgetdrop\\src\\routes\\pedidoRoutes.js","statementMap":{"0":{"start":{"line":1,"column":16},"end":{"line":1,"column":34}},"1":{"start":{"line":2,"column":15},"end":{"line":2,"column":31}},"2":{"start":{"line":8,"column":4},"end":{"line":8,"column":46}},"3":{"start":{"line":11,"column":0},"end":{"line":11,"column":47}},"4":{"start":{"line":14,"column":0},"end":{"line":14,"column":30}},"5":{"start":{"line":17,"column":0},"end":{"line":17,"column":60}},"6":{"start":{"line":20,"column":0},"end":{"line":20,"column":50}},"7":{"start":{"line":22,"column":0},"end":{"line":22,"column":24}}},"fnMap":{},"branchMap":{},"s":{"0":0,"1":0,"2":0,"3":0,"4":0,"5":0,"6":0,"7":0},"f":{},"b":{}}
,"C:\\Users\\Juan\\backend-gadgetdrop\\src\\routes\\productoRoutes.js": {"path":"C:\\Users\\Juan\\backend-gadgetdrop\\src\\routes\\productoRoutes.js","statementMap":{"0":{"start":{"line":1,"column":16},"end":{"line":1,"column":34}},"1":{"start":{"line":2,"column":15},"end":{"line":2,"column":31}},"2":{"start":{"line":8,"column":4},"end":{"line":8,"column":48}},"3":{"start":{"line":11,"column":0},"end":{"line":11,"column":34}},"4":{"start":{"line":14,"column":0},"end":{"line":14,"column":32}},"5":{"start":{"line":17,"column":0},"end":{"line":17,"column":39}},"6":{"start":{"line":20,"column":0},"end":{"line":20,"column":40}},"7":{"start":{"line":22,"column":0},"end":{"line":22,"column":24}}},"fnMap":{},"branchMap":{},"s":{"0":0,"1":0,"2":0,"3":0,"4":0,"5":0,"6":0,"7":0},"f":{},"b":{}}
,"C:\\Users\\Juan\\backend-gadgetdrop\\src\\scripts\\fixImages.js": {"path":"C:\\Users\\Juan\\backend-gadgetdrop\\src\\scripts\\fixImages.js","statementMap":{"0":{"start":{"line":2,"column":18},"end":{"line":2,"column":41}},"1":{"start":{"line":3,"column":17},"end":{"line":3,"column":46}},"2":{"start":{"line":6,"column":4},"end":{"line":26,"column":5}},"3":{"start":{"line":7,"column":8},"end":{"line":7,"column":31}},"4":{"start":{"line":9,"column":26},"end":{"line":9,"column":50}},"5":{"start":{"line":11,"column":8},"end":{"line":19,"column":9}},"6":{"start":{"line":13,"column":12},"end":{"line":18,"column":13}},"7":{"start":{"line":14,"column":36},"end":{"line":14,"column":61}},"8":{"start":{"line":15,"column":16},"end":{"line":15,"column":46}},"9":{"start":{"line":16,"column":16},"end":{"line":16,"column":38}},"10":{"start":{"line":17,"column":16},"end":{"line":17,"column":82}},"11":{"start":{"line":21,"column":8},"end":{"line":21,"column":49}},"12":{"start":{"line":22,"column":8},"end":{"line":22,"column":24}},"13":{"start":{"line":24,"column":8},"end":{"line":24,"column":62}},"14":{"start":{"line":25,"column":8},"end":{"line":25,"column":24}},"15":{"start":{"line":29,"column":0},"end":{"line":29,"column":23}}},"fnMap":{"0":{"name":"corregirUrlsImagenes","decl":{"start":{"line":5,"column":15},"end":{"line":5,"column":35}},"loc":{"start":{"line":5,"column":38},"end":{"line":27,"column":1}},"line":5}},"branchMap":{"0":{"loc":{"start":{"line":13,"column":12},"end":{"line":18,"column":13}},"type":"if","locations":[{"start":{"line":13,"column":12},"end":{"line":18,"column":13}},{"start":{},"end":{}}],"line":13}},"s":{"0":0,"1":0,"2":0,"3":0,"4":0,"5":0,"6":0,"7":0,"8":0,"9":0,"10":0,"11":0,"12":0,"13":0,"14":0,"15":0},"f":{"0":0},"b":{"0":[0,0]}}
,"C:\\Users\\Juan\\backend-gadgetdrop\\src\\scripts\\seed.js": {"path":"C:\\Users\\Juan\\backend-gadgetdrop\\src\\scripts\\seed.js","statementMap":{"0":{"start":{"line":2,"column":18},"end":{"line":2,"column":41}},"1":{"start":{"line":3,"column":17},"end":{"line":3,"column":46}},"2":{"start":{"line":6,"column":4},"end":{"line":6,"column":27}},"3":{"start":{"line":8,"column":22},"end":{"line":21,"column":5}},"4":{"start":{"line":23,"column":4},"end":{"line":23,"column":41}},"5":{"start":{"line":24,"column":4},"end":{"line":24,"column":52}},"6":{"start":{"line":26,"column":4},"end":{"line":26,"column":19}},"7":{"start":{"line":29,"column":0},"end":{"line":32,"column":3}},"8":{"start":{"line":30,"column":4},"end":{"line":30,"column":57}},"9":{"start":{"line":31,"column":4},"end":{"line":31,"column":20}}},"fnMap":{"0":{"name":"insertarProductos","decl":{"start":{"line":5,"column":15},"end":{"line":5,"column":32}},"loc":{"start":{"line":5,"column":35},"end":{"line":27,"column":1}},"line":5},"1":{"name":"(anonymous_1)","decl":{"start":{"line":29,"column":26},"end":{"line":29,"column":27}},"loc":{"start":{"line":29,"column":33},"end":{"line":32,"column":1}},"line":29}},"branchMap":{},"s":{"0":0,"1":0,"2":0,"3":0,"4":0,"5":0,"6":0,"7":0,"8":0,"9":0},"f":{"0":0,"1":0},"b":{}}
}
